#
# There is insufficient memory for the Java Runtime Environment to continue.
# Native memory allocation (malloc) failed to allocate 1708944 bytes. Error detail: Chunk::new
# Possible reasons:
#   The system is out of physical RAM or swap space
#   This process is running with CompressedOops enabled, and the Java Heap may be blocking the growth of the native heap
# Possible solutions:
#   Reduce memory load on the system
#   Increase physical memory or swap space
#   Check if swap backing store is full
#   Decrease Java heap size (-Xmx/-Xms)
#   Decrease number of Java threads
#   Decrease Java thread stack sizes (-Xss)
#   Set larger code cache with -XX:ReservedCodeCacheSize=
#   JVM is running with Zero Based Compressed Oops mode in which the Java heap is
#     placed in the first 32GB address space. The Java Heap base address is the
#     maximum limit for the native heap growth. Please use -XX:HeapBaseMinAddress
#     to set the Java Heap base and to place the Java Heap above 32GB virtual address.
# This output file may be truncated or incomplete.
#
#  Out of Memory Error (arena.cpp:162), pid=10892, tid=15064
#
# JRE version: Java(TM) SE Runtime Environment (24.0.2+12) (build 24.0.2+12-54)
# Java VM: Java HotSpot(TM) 64-Bit Server VM (24.0.2+12-54, mixed mode, sharing, tiered, compressed oops, compressed class ptrs, g1 gc, windows-amd64)
# No core dump will be written. Minidumps are not enabled by default on client versions of Windows
#

---------------  S U M M A R Y ------------

Command Line: --enable-native-access=ALL-UNNAMED -Dclassworlds.conf=D:\apache-maven-3.9.12\bin\m2.conf -Dmaven.home=D:\apache-maven-3.9.12 -Dlibrary.jansi.path=D:\apache-maven-3.9.12\lib\jansi-native -Dmaven.multiModuleProjectDirectory=E:\LMS-main\LibraryManagement org.codehaus.plexus.classworlds.launcher.Launcher spring-boot:run

Host: AMD Ryzen 5 5600H with Radeon Graphics         , 12 cores, 15G,  Windows 11 , 64 bit Build 26100 (10.0.26100.8737)
Time: Sat Jun 27 08:33:59 2026 India Standard Time elapsed time: 9.252977 seconds (0d 0h 0m 9s)

---------------  T H R E A D  ---------------

Current thread (0x000001bdd7611830):  JavaThread "C2 CompilerThread0" daemon [_thread_in_native, id=15064, stack(0x0000002d4e100000,0x0000002d4e200000) (1024K)]


Current CompileTask:
C2:9253 1848       4       java.lang.String::decodeUTF8_UTF16 (624 bytes)

Stack: [0x0000002d4e100000,0x0000002d4e200000]
Native frames: (J=compiled Java code, j=interpreted, Vv=VM code, C=native code)
V  [jvm.dll+0x730829]  (no source info available)
V  [jvm.dll+0x8d9da3]  (no source info available)
V  [jvm.dll+0x8dc28d]  (no source info available)
V  [jvm.dll+0x8dc903]  (no source info available)
V  [jvm.dll+0x2a9f56]  (no source info available)
V  [jvm.dll+0xced7f]  (no source info available)
V  [jvm.dll+0xcefdf]  (no source info available)
V  [jvm.dll+0x154c83]  (no source info available)
V  [jvm.dll+0x73604f]  (no source info available)
V  [jvm.dll+0x26f8dc]  (no source info available)
V  [jvm.dll+0x26e8ff]  (no source info available)
V  [jvm.dll+0x1e9c90]  (no source info available)
V  [jvm.dll+0x27e0cb]  (no source info available)
V  [jvm.dll+0x27c36a]  (no source info available)
V  [jvm.dll+0x42f396]  (no source info available)
V  [jvm.dll+0x87d9eb]  (no source info available)
V  [jvm.dll+0x72ef45]  (no source info available)
C  [ucrtbase.dll+0x2cd30]  (no source info available)
C  [KERNEL32.DLL+0x2e957]  (no source info available)
C  [ntdll.dll+0xaad6c]  (no source info available)

Lock stack of current Java thread (top to bottom):


---------------  P R O C E S S  ---------------

Threads class SMR info:
_java_thread_list=0x000001be1dacda40, length=12, elements={
0x000001bdb59a7110, 0x000001bdd75f9670, 0x000001bdd75fbdc0, 0x000001bdd75fe490,
0x000001bdd75ff440, 0x000001bdd7600ae0, 0x000001bdd76051a0, 0x000001bdd7611830,
0x000001bdd7617b20, 0x000001bdd773a010, 0x000001bdd7746fb0, 0x000001be1d8e5740
}

Java Threads: ( => current thread )
  0x000001bdb59a7110 JavaThread "main"                              [_thread_in_vm, id=16500, stack(0x0000002d4d300000,0x0000002d4d400000) (1024K)]
  0x000001bdd75f9670 JavaThread "Reference Handler"          daemon [_thread_blocked, id=20980, stack(0x0000002d4db00000,0x0000002d4dc00000) (1024K)]
  0x000001bdd75fbdc0 JavaThread "Finalizer"                  daemon [_thread_blocked, id=22184, stack(0x0000002d4dc00000,0x0000002d4dd00000) (1024K)]
  0x000001bdd75fe490 JavaThread "Signal Dispatcher"          daemon [_thread_blocked, id=14668, stack(0x0000002d4dd00000,0x0000002d4de00000) (1024K)]
  0x000001bdd75ff440 JavaThread "Attach Listener"            daemon [_thread_blocked, id=12132, stack(0x0000002d4de00000,0x0000002d4df00000) (1024K)]
  0x000001bdd7600ae0 JavaThread "Service Thread"             daemon [_thread_blocked, id=22292, stack(0x0000002d4df00000,0x0000002d4e000000) (1024K)]
  0x000001bdd76051a0 JavaThread "Monitor Deflation Thread"   daemon [_thread_blocked, id=21040, stack(0x0000002d4e000000,0x0000002d4e100000) (1024K)]
=>0x000001bdd7611830 JavaThread "C2 CompilerThread0"         daemon [_thread_in_native, id=15064, stack(0x0000002d4e100000,0x0000002d4e200000) (1024K)]
  0x000001bdd7617b20 JavaThread "C1 CompilerThread0"         daemon [_thread_in_native, id=22996, stack(0x0000002d4e200000,0x0000002d4e300000) (1024K)]
  0x000001bdd773a010 JavaThread "Notification Thread"        daemon [_thread_blocked, id=22012, stack(0x0000002d4e300000,0x0000002d4e400000) (1024K)]
  0x000001bdd7746fb0 JavaThread "Common-Cleaner"             daemon [_thread_blocked, id=7936, stack(0x0000002d4e400000,0x0000002d4e500000) (1024K)]
  0x000001be1d8e5740 JavaThread "C2 CompilerThread1"         daemon [_thread_in_native, id=8132, stack(0x0000002d4e500000,0x0000002d4e600000) (1024K)]
Total: 12

Other Threads:
  0x000001bdd75e82d0 VMThread "VM Thread"                           [id=6976, stack(0x0000002d4da00000,0x0000002d4db00000) (1024K)]
  0x000001bdd74b7690 WatcherThread "VM Periodic Task Thread"        [id=14004, stack(0x0000002d4d900000,0x0000002d4da00000) (1024K)]
  0x000001bdb7f25230 WorkerThread "GC Thread#0"                     [id=10128, stack(0x0000002d4d400000,0x0000002d4d500000) (1024K)]
  0x000001be1db5fb50 WorkerThread "GC Thread#1"                     [id=17032, stack(0x0000002d4e600000,0x0000002d4e700000) (1024K)]
  0x000001be1d82ead0 WorkerThread "GC Thread#2"                     [id=17252, stack(0x0000002d4e700000,0x0000002d4e800000) (1024K)]
  0x000001be1d8f08b0 WorkerThread "GC Thread#3"                     [id=8812, stack(0x0000002d4e800000,0x0000002d4e900000) (1024K)]
  0x000001be1d8f1880 WorkerThread "GC Thread#4"                     [id=20320, stack(0x0000002d4e900000,0x0000002d4ea00000) (1024K)]
  0x000001bdb7f3cd30 ConcurrentGCThread "G1 Main Marker"            [id=7788, stack(0x0000002d4d500000,0x0000002d4d600000) (1024K)]
  0x000001bdb7f3e590 WorkerThread "G1 Conc#0"                       [id=26128, stack(0x0000002d4d600000,0x0000002d4d700000) (1024K)]
  0x000001bdd74a8430 ConcurrentGCThread "G1 Refine#0"               [id=18176, stack(0x0000002d4d700000,0x0000002d4d800000) (1024K)]
  0x000001bdd74a8c60 ConcurrentGCThread "G1 Service"                [id=22928, stack(0x0000002d4d800000,0x0000002d4d900000) (1024K)]
Total: 11

Threads with active compile tasks:
C2 CompilerThread0  9382 1848       4       java.lang.String::decodeUTF8_UTF16 (624 bytes)
C1 CompilerThread0  9382 1948   !   3       com.google.inject.spi.InjectionPoint::<init> (153 bytes)
Total: 2

VM state: not at safepoint (normal execution)

VM Mutex/Monitor currently owned by a thread: None

Heap address: 0x000000070a800000, size: 3928 MB, Compressed Oops mode: Zero based, Oop shift amount: 3

CDS archive(s) mapped at: [0x000001bdd8000000-0x000001bdd8d40000-0x000001bdd8d40000), size 13893632, SharedBaseAddress: 0x000001bdd8000000, ArchiveRelocationMode: 1.
Compressed class space mapped at: 0x000001bdd9000000-0x000001be19000000, reserved size: 1073741824
UseCompressedClassPointers 1, UseCompactObjectHeaders 0
Narrow klass pointer bits 32, Max shift 3
Narrow klass base: 0x000001bdd8000000, Narrow klass shift: 0
Encoding Range: [0x000001bdd8000000 - 0x000001bed8000000), (4294967296 bytes)
Klass Range:    [0x000001bdd8000000 - 0x000001be19000000), (1090519040 bytes)
Klass ID Range:  [8 - 1090519033) (1090519025)

GC Precious Log:
 CardTable entry size: 512
 Card Set container configuration: InlinePtr #cards 4 size 8 Array Of Cards #cards 16 size 48 Howl #buckets 8 coarsen threshold 3686 Howl Bitmap #cards 512 size 80 coarsen threshold 460 Card regions per heap region 1 cards per card region 4096
 CPUs: 12 total, 12 available
 Memory: 15710M
 Large Page Support: Disabled
 NUMA Support: Disabled
 Compressed Oops: Enabled (Zero based)
 Heap Region Size: 2M
 Heap Min Capacity: 8M
 Heap Initial Capacity: 246M
 Heap Max Capacity: 3928M
 Pre-touch: Disabled
 Parallel Workers: 10
 Concurrent Workers: 3
 Concurrent Refinement Workers: 10
 Periodic GC: Disabled

Heap:
 garbage-first heap   total reserved 4022272K, committed 253952K, used 5876K [0x000000070a800000, 0x0000000800000000)
  region size 2048K, 4 young (8192K), 3 survivors (6144K)
 Metaspace       used 9934K, committed 10112K, reserved 1114112K
  class space    used 913K, committed 1024K, reserved 1048576K

Heap Regions: E=young(eden), S=young(survivor), O=old, HS=humongous(starts), HC=humongous(continues), CS=collection set, F=free, TAMS=top-at-mark-start, PB=parsable bottom
|   0|0x000000070a800000, 0x000000070a800000, 0x000000070aa00000|  0%| F|  |TAMS 0x000000070a800000| PB 0x000000070a800000| Untracked |  0
|   1|0x000000070aa00000, 0x000000070aa00000, 0x000000070ac00000|  0%| F|  |TAMS 0x000000070aa00000| PB 0x000000070aa00000| Untracked |  0
|   2|0x000000070ac00000, 0x000000070ac00000, 0x000000070ae00000|  0%| F|  |TAMS 0x000000070ac00000| PB 0x000000070ac00000| Untracked |  0
|   3|0x000000070ae00000, 0x000000070ae00000, 0x000000070b000000|  0%| F|  |TAMS 0x000000070ae00000| PB 0x000000070ae00000| Untracked |  0
|   4|0x000000070b000000, 0x000000070b000000, 0x000000070b200000|  0%| F|  |TAMS 0x000000070b000000| PB 0x000000070b000000| Untracked |  0
|   5|0x000000070b200000, 0x000000070b200000, 0x000000070b400000|  0%| F|  |TAMS 0x000000070b200000| PB 0x000000070b200000| Untracked |  0
|   6|0x000000070b400000, 0x000000070b400000, 0x000000070b600000|  0%| F|  |TAMS 0x000000070b400000| PB 0x000000070b400000| Untracked |  0
|   7|0x000000070b600000, 0x000000070b600000, 0x000000070b800000|  0%| F|  |TAMS 0x000000070b600000| PB 0x000000070b600000| Untracked |  0
|   8|0x000000070b800000, 0x000000070b800000, 0x000000070ba00000|  0%| F|  |TAMS 0x000000070b800000| PB 0x000000070b800000| Untracked |  0
|   9|0x000000070ba00000, 0x000000070ba00000, 0x000000070bc00000|  0%| F|  |TAMS 0x000000070ba00000| PB 0x000000070ba00000| Untracked |  0
|  10|0x000000070bc00000, 0x000000070bc00000, 0x000000070be00000|  0%| F|  |TAMS 0x000000070bc00000| PB 0x000000070bc00000| Untracked |  0
|  11|0x000000070be00000, 0x000000070be00000, 0x000000070c000000|  0%| F|  |TAMS 0x000000070be00000| PB 0x000000070be00000| Untracked |  0
|  12|0x000000070c000000, 0x000000070c000000, 0x000000070c200000|  0%| F|  |TAMS 0x000000070c000000| PB 0x000000070c000000| Untracked |  0
|  13|0x000000070c200000, 0x000000070c200000, 0x000000070c400000|  0%| F|  |TAMS 0x000000070c200000| PB 0x000000070c200000| Untracked |  0
|  14|0x000000070c400000, 0x000000070c400000, 0x000000070c600000|  0%| F|  |TAMS 0x000000070c400000| PB 0x000000070c400000| Untracked |  0
|  15|0x000000070c600000, 0x000000070c600000, 0x000000070c800000|  0%| F|  |TAMS 0x000000070c600000| PB 0x000000070c600000| Untracked |  0
|  16|0x000000070c800000, 0x000000070c800000, 0x000000070ca00000|  0%| F|  |TAMS 0x000000070c800000| PB 0x000000070c800000| Untracked |  0
|  17|0x000000070ca00000, 0x000000070ca00000, 0x000000070cc00000|  0%| F|  |TAMS 0x000000070ca00000| PB 0x000000070ca00000| Untracked |  0
|  18|0x000000070cc00000, 0x000000070cc00000, 0x000000070ce00000|  0%| F|  |TAMS 0x000000070cc00000| PB 0x000000070cc00000| Untracked |  0
|  19|0x000000070ce00000, 0x000000070ce00000, 0x000000070d000000|  0%| F|  |TAMS 0x000000070ce00000| PB 0x000000070ce00000| Untracked |  0
|  20|0x000000070d000000, 0x000000070d000000, 0x000000070d200000|  0%| F|  |TAMS 0x000000070d000000| PB 0x000000070d000000| Untracked |  0
|  21|0x000000070d200000, 0x000000070d200000, 0x000000070d400000|  0%| F|  |TAMS 0x000000070d200000| PB 0x000000070d200000| Untracked |  0
|  22|0x000000070d400000, 0x000000070d400000, 0x000000070d600000|  0%| F|  |TAMS 0x000000070d400000| PB 0x000000070d400000| Untracked |  0
|  23|0x000000070d600000, 0x000000070d600000, 0x000000070d800000|  0%| F|  |TAMS 0x000000070d600000| PB 0x000000070d600000| Untracked |  0
|  24|0x000000070d800000, 0x000000070d800000, 0x000000070da00000|  0%| F|  |TAMS 0x000000070d800000| PB 0x000000070d800000| Untracked |  0
|  25|0x000000070da00000, 0x000000070da00000, 0x000000070dc00000|  0%| F|  |TAMS 0x000000070da00000| PB 0x000000070da00000| Untracked |  0
|  26|0x000000070dc00000, 0x000000070dc00000, 0x000000070de00000|  0%| F|  |TAMS 0x000000070dc00000| PB 0x000000070dc00000| Untracked |  0
|  27|0x000000070de00000, 0x000000070de00000, 0x000000070e000000|  0%| F|  |TAMS 0x000000070de00000| PB 0x000000070de00000| Untracked |  0
|  28|0x000000070e000000, 0x000000070e000000, 0x000000070e200000|  0%| F|  |TAMS 0x000000070e000000| PB 0x000000070e000000| Untracked |  0
|  29|0x000000070e200000, 0x000000070e200000, 0x000000070e400000|  0%| F|  |TAMS 0x000000070e200000| PB 0x000000070e200000| Untracked |  0
|  30|0x000000070e400000, 0x000000070e400000, 0x000000070e600000|  0%| F|  |TAMS 0x000000070e400000| PB 0x000000070e400000| Untracked |  0
|  31|0x000000070e600000, 0x000000070e600000, 0x000000070e800000|  0%| F|  |TAMS 0x000000070e600000| PB 0x000000070e600000| Untracked |  0
|  32|0x000000070e800000, 0x000000070e800000, 0x000000070ea00000|  0%| F|  |TAMS 0x000000070e800000| PB 0x000000070e800000| Untracked |  0
|  33|0x000000070ea00000, 0x000000070ea00000, 0x000000070ec00000|  0%| F|  |TAMS 0x000000070ea00000| PB 0x000000070ea00000| Untracked |  0
|  34|0x000000070ec00000, 0x000000070ec00000, 0x000000070ee00000|  0%| F|  |TAMS 0x000000070ec00000| PB 0x000000070ec00000| Untracked |  0
|  35|0x000000070ee00000, 0x000000070ee00000, 0x000000070f000000|  0%| F|  |TAMS 0x000000070ee00000| PB 0x000000070ee00000| Untracked |  0
|  36|0x000000070f000000, 0x000000070f000000, 0x000000070f200000|  0%| F|  |TAMS 0x000000070f000000| PB 0x000000070f000000| Untracked |  0
|  37|0x000000070f200000, 0x000000070f200000, 0x000000070f400000|  0%| F|  |TAMS 0x000000070f200000| PB 0x000000070f200000| Untracked |  0
|  38|0x000000070f400000, 0x000000070f400000, 0x000000070f600000|  0%| F|  |TAMS 0x000000070f400000| PB 0x000000070f400000| Untracked |  0
|  39|0x000000070f600000, 0x000000070f600000, 0x000000070f800000|  0%| F|  |TAMS 0x000000070f600000| PB 0x000000070f600000| Untracked |  0
|  40|0x000000070f800000, 0x000000070f800000, 0x000000070fa00000|  0%| F|  |TAMS 0x000000070f800000| PB 0x000000070f800000| Untracked |  0
|  41|0x000000070fa00000, 0x000000070fa00000, 0x000000070fc00000|  0%| F|  |TAMS 0x000000070fa00000| PB 0x000000070fa00000| Untracked |  0
|  42|0x000000070fc00000, 0x000000070fc00000, 0x000000070fe00000|  0%| F|  |TAMS 0x000000070fc00000| PB 0x000000070fc00000| Untracked |  0
|  43|0x000000070fe00000, 0x000000070fe00000, 0x0000000710000000|  0%| F|  |TAMS 0x000000070fe00000| PB 0x000000070fe00000| Untracked |  0
|  44|0x0000000710000000, 0x0000000710000000, 0x0000000710200000|  0%| F|  |TAMS 0x0000000710000000| PB 0x0000000710000000| Untracked |  0
|  45|0x0000000710200000, 0x0000000710200000, 0x0000000710400000|  0%| F|  |TAMS 0x0000000710200000| PB 0x0000000710200000| Untracked |  0
|  46|0x0000000710400000, 0x0000000710400000, 0x0000000710600000|  0%| F|  |TAMS 0x0000000710400000| PB 0x0000000710400000| Untracked |  0
|  47|0x0000000710600000, 0x0000000710600000, 0x0000000710800000|  0%| F|  |TAMS 0x0000000710600000| PB 0x0000000710600000| Untracked |  0
|  48|0x0000000710800000, 0x0000000710800000, 0x0000000710a00000|  0%| F|  |TAMS 0x0000000710800000| PB 0x0000000710800000| Untracked |  0
|  49|0x0000000710a00000, 0x0000000710a00000, 0x0000000710c00000|  0%| F|  |TAMS 0x0000000710a00000| PB 0x0000000710a00000| Untracked |  0
|  50|0x0000000710c00000, 0x0000000710c00000, 0x0000000710e00000|  0%| F|  |TAMS 0x0000000710c00000| PB 0x0000000710c00000| Untracked |  0
|  51|0x0000000710e00000, 0x0000000710e00000, 0x0000000711000000|  0%| F|  |TAMS 0x0000000710e00000| PB 0x0000000710e00000| Untracked |  0
|  52|0x0000000711000000, 0x0000000711000000, 0x0000000711200000|  0%| F|  |TAMS 0x0000000711000000| PB 0x0000000711000000| Untracked |  0
|  53|0x0000000711200000, 0x0000000711200000, 0x0000000711400000|  0%| F|  |TAMS 0x0000000711200000| PB 0x0000000711200000| Untracked |  0
|  54|0x0000000711400000, 0x0000000711400000, 0x0000000711600000|  0%| F|  |TAMS 0x0000000711400000| PB 0x0000000711400000| Untracked |  0
|  55|0x0000000711600000, 0x0000000711600000, 0x0000000711800000|  0%| F|  |TAMS 0x0000000711600000| PB 0x0000000711600000| Untracked |  0
|  56|0x0000000711800000, 0x0000000711800000, 0x0000000711a00000|  0%| F|  |TAMS 0x0000000711800000| PB 0x0000000711800000| Untracked |  0
|  57|0x0000000711a00000, 0x0000000711a00000, 0x0000000711c00000|  0%| F|  |TAMS 0x0000000711a00000| PB 0x0000000711a00000| Untracked |  0
|  58|0x0000000711c00000, 0x0000000711c00000, 0x0000000711e00000|  0%| F|  |TAMS 0x0000000711c00000| PB 0x0000000711c00000| Untracked |  0
|  59|0x0000000711e00000, 0x0000000711e00000, 0x0000000712000000|  0%| F|  |TAMS 0x0000000711e00000| PB 0x0000000711e00000| Untracked |  0
|  60|0x0000000712000000, 0x0000000712000000, 0x0000000712200000|  0%| F|  |TAMS 0x0000000712000000| PB 0x0000000712000000| Untracked |  0
|  61|0x0000000712200000, 0x0000000712200000, 0x0000000712400000|  0%| F|  |TAMS 0x0000000712200000| PB 0x0000000712200000| Untracked |  0
|  62|0x0000000712400000, 0x0000000712400000, 0x0000000712600000|  0%| F|  |TAMS 0x0000000712400000| PB 0x0000000712400000| Untracked |  0
|  63|0x0000000712600000, 0x0000000712600000, 0x0000000712800000|  0%| F|  |TAMS 0x0000000712600000| PB 0x0000000712600000| Untracked |  0
|  64|0x0000000712800000, 0x0000000712800000, 0x0000000712a00000|  0%| F|  |TAMS 0x0000000712800000| PB 0x0000000712800000| Untracked |  0
|  65|0x0000000712a00000, 0x0000000712a00000, 0x0000000712c00000|  0%| F|  |TAMS 0x0000000712a00000| PB 0x0000000712a00000| Untracked |  0
|  66|0x0000000712c00000, 0x0000000712c00000, 0x0000000712e00000|  0%| F|  |TAMS 0x0000000712c00000| PB 0x0000000712c00000| Untracked |  0
|  67|0x0000000712e00000, 0x0000000712e00000, 0x0000000713000000|  0%| F|  |TAMS 0x0000000712e00000| PB 0x0000000712e00000| Untracked |  0
|  68|0x0000000713000000, 0x0000000713000000, 0x0000000713200000|  0%| F|  |TAMS 0x0000000713000000| PB 0x0000000713000000| Untracked |  0
|  69|0x0000000713200000, 0x0000000713200000, 0x0000000713400000|  0%| F|  |TAMS 0x0000000713200000| PB 0x0000000713200000| Untracked |  0
|  70|0x0000000713400000, 0x0000000713400000, 0x0000000713600000|  0%| F|  |TAMS 0x0000000713400000| PB 0x0000000713400000| Untracked |  0
|  71|0x0000000713600000, 0x0000000713600000, 0x0000000713800000|  0%| F|  |TAMS 0x0000000713600000| PB 0x0000000713600000| Untracked |  0
|  72|0x0000000713800000, 0x0000000713800000, 0x0000000713a00000|  0%| F|  |TAMS 0x0000000713800000| PB 0x0000000713800000| Untracked |  0
|  73|0x0000000713a00000, 0x0000000713a00000, 0x0000000713c00000|  0%| F|  |TAMS 0x0000000713a00000| PB 0x0000000713a00000| Untracked |  0
|  74|0x0000000713c00000, 0x0000000713c00000, 0x0000000713e00000|  0%| F|  |TAMS 0x0000000713c00000| PB 0x0000000713c00000| Untracked |  0
|  75|0x0000000713e00000, 0x0000000713e00000, 0x0000000714000000|  0%| F|  |TAMS 0x0000000713e00000| PB 0x0000000713e00000| Untracked |  0
|  76|0x0000000714000000, 0x0000000714000000, 0x0000000714200000|  0%| F|  |TAMS 0x0000000714000000| PB 0x0000000714000000| Untracked |  0
|  77|0x0000000714200000, 0x0000000714200000, 0x0000000714400000|  0%| F|  |TAMS 0x0000000714200000| PB 0x0000000714200000| Untracked |  0
|  78|0x0000000714400000, 0x0000000714400000, 0x0000000714600000|  0%| F|  |TAMS 0x0000000714400000| PB 0x0000000714400000| Untracked |  0
|  79|0x0000000714600000, 0x0000000714600000, 0x0000000714800000|  0%| F|  |TAMS 0x0000000714600000| PB 0x0000000714600000| Untracked |  0
|  80|0x0000000714800000, 0x0000000714800000, 0x0000000714a00000|  0%| F|  |TAMS 0x0000000714800000| PB 0x0000000714800000| Untracked |  0
|  81|0x0000000714a00000, 0x0000000714a00000, 0x0000000714c00000|  0%| F|  |TAMS 0x0000000714a00000| PB 0x0000000714a00000| Untracked |  0
|  82|0x0000000714c00000, 0x0000000714c00000, 0x0000000714e00000|  0%| F|  |TAMS 0x0000000714c00000| PB 0x0000000714c00000| Untracked |  0
|  83|0x0000000714e00000, 0x0000000714e00000, 0x0000000715000000|  0%| F|  |TAMS 0x0000000714e00000| PB 0x0000000714e00000| Untracked |  0
|  84|0x0000000715000000, 0x0000000715000000, 0x0000000715200000|  0%| F|  |TAMS 0x0000000715000000| PB 0x0000000715000000| Untracked |  0
|  85|0x0000000715200000, 0x0000000715200000, 0x0000000715400000|  0%| F|  |TAMS 0x0000000715200000| PB 0x0000000715200000| Untracked |  0
|  86|0x0000000715400000, 0x0000000715400000, 0x0000000715600000|  0%| F|  |TAMS 0x0000000715400000| PB 0x0000000715400000| Untracked |  0
|  87|0x0000000715600000, 0x0000000715600000, 0x0000000715800000|  0%| F|  |TAMS 0x0000000715600000| PB 0x0000000715600000| Untracked |  0
|  88|0x0000000715800000, 0x0000000715800000, 0x0000000715a00000|  0%| F|  |TAMS 0x0000000715800000| PB 0x0000000715800000| Untracked |  0
|  89|0x0000000715a00000, 0x0000000715a00000, 0x0000000715c00000|  0%| F|  |TAMS 0x0000000715a00000| PB 0x0000000715a00000| Untracked |  0
|  90|0x0000000715c00000, 0x0000000715c00000, 0x0000000715e00000|  0%| F|  |TAMS 0x0000000715c00000| PB 0x0000000715c00000| Untracked |  0
|  91|0x0000000715e00000, 0x0000000715e00000, 0x0000000716000000|  0%| F|  |TAMS 0x0000000715e00000| PB 0x0000000715e00000| Untracked |  0
|  92|0x0000000716000000, 0x0000000716000000, 0x0000000716200000|  0%| F|  |TAMS 0x0000000716000000| PB 0x0000000716000000| Untracked |  0
|  93|0x0000000716200000, 0x0000000716200000, 0x0000000716400000|  0%| F|  |TAMS 0x0000000716200000| PB 0x0000000716200000| Untracked |  0
|  94|0x0000000716400000, 0x0000000716400000, 0x0000000716600000|  0%| F|  |TAMS 0x0000000716400000| PB 0x0000000716400000| Untracked |  0
|  95|0x0000000716600000, 0x0000000716600000, 0x0000000716800000|  0%| F|  |TAMS 0x0000000716600000| PB 0x0000000716600000| Untracked |  0
|  96|0x0000000716800000, 0x00000007168a0000, 0x0000000716a00000| 31%| S|CS|TAMS 0x0000000716800000| PB 0x0000000716800000| Complete |  0
|  97|0x0000000716a00000, 0x0000000716c00000, 0x0000000716c00000|100%| S|CS|TAMS 0x0000000716a00000| PB 0x0000000716a00000| Complete |  0
|  98|0x0000000716c00000, 0x0000000716e00000, 0x0000000716e00000|100%| S|CS|TAMS 0x0000000716c00000| PB 0x0000000716c00000| Complete |  0
|  99|0x0000000716e00000, 0x0000000716e00000, 0x0000000717000000|  0%| F|  |TAMS 0x0000000716e00000| PB 0x0000000716e00000| Untracked |  0
| 100|0x0000000717000000, 0x0000000717000000, 0x0000000717200000|  0%| F|  |TAMS 0x0000000717000000| PB 0x0000000717000000| Untracked |  0
| 101|0x0000000717200000, 0x0000000717200000, 0x0000000717400000|  0%| F|  |TAMS 0x0000000717200000| PB 0x0000000717200000| Untracked |  0
| 102|0x0000000717400000, 0x0000000717400000, 0x0000000717600000|  0%| F|  |TAMS 0x0000000717400000| PB 0x0000000717400000| Untracked |  0
| 103|0x0000000717600000, 0x0000000717600000, 0x0000000717800000|  0%| F|  |TAMS 0x0000000717600000| PB 0x0000000717600000| Untracked |  0
| 104|0x0000000717800000, 0x0000000717800000, 0x0000000717a00000|  0%| F|  |TAMS 0x0000000717800000| PB 0x0000000717800000| Untracked |  0
| 105|0x0000000717a00000, 0x0000000717a00000, 0x0000000717c00000|  0%| F|  |TAMS 0x0000000717a00000| PB 0x0000000717a00000| Untracked |  0
| 106|0x0000000717c00000, 0x0000000717c00000, 0x0000000717e00000|  0%| F|  |TAMS 0x0000000717c00000| PB 0x0000000717c00000| Untracked |  0
| 107|0x0000000717e00000, 0x0000000717e00000, 0x0000000718000000|  0%| F|  |TAMS 0x0000000717e00000| PB 0x0000000717e00000| Untracked |  0
| 108|0x0000000718000000, 0x0000000718000000, 0x0000000718200000|  0%| F|  |TAMS 0x0000000718000000| PB 0x0000000718000000| Untracked |  0
| 109|0x0000000718200000, 0x0000000718200000, 0x0000000718400000|  0%| F|  |TAMS 0x0000000718200000| PB 0x0000000718200000| Untracked |  0
| 110|0x0000000718400000, 0x0000000718400000, 0x0000000718600000|  0%| F|  |TAMS 0x0000000718400000| PB 0x0000000718400000| Untracked |  0
| 111|0x0000000718600000, 0x0000000718600000, 0x0000000718800000|  0%| F|  |TAMS 0x0000000718600000| PB 0x0000000718600000| Untracked |  0
| 112|0x0000000718800000, 0x0000000718800000, 0x0000000718a00000|  0%| F|  |TAMS 0x0000000718800000| PB 0x0000000718800000| Untracked |  0
| 113|0x0000000718a00000, 0x0000000718a00000, 0x0000000718c00000|  0%| F|  |TAMS 0x0000000718a00000| PB 0x0000000718a00000| Untracked |  0
| 114|0x0000000718c00000, 0x0000000718c00000, 0x0000000718e00000|  0%| F|  |TAMS 0x0000000718c00000| PB 0x0000000718c00000| Untracked |  0
| 115|0x0000000718e00000, 0x0000000718e00000, 0x0000000719000000|  0%| F|  |TAMS 0x0000000718e00000| PB 0x0000000718e00000| Untracked |  0
| 116|0x0000000719000000, 0x0000000719000000, 0x0000000719200000|  0%| F|  |TAMS 0x0000000719000000| PB 0x0000000719000000| Untracked |  0
| 117|0x0000000719200000, 0x0000000719200000, 0x0000000719400000|  0%| F|  |TAMS 0x0000000719200000| PB 0x0000000719200000| Untracked |  0
| 118|0x0000000719400000, 0x0000000719400000, 0x0000000719600000|  0%| F|  |TAMS 0x0000000719400000| PB 0x0000000719400000| Untracked |  0
| 119|0x0000000719600000, 0x0000000719600000, 0x0000000719800000|  0%| F|  |TAMS 0x0000000719600000| PB 0x0000000719600000| Untracked |  0
| 120|0x0000000719800000, 0x0000000719800000, 0x0000000719a00000|  0%| F|  |TAMS 0x0000000719800000| PB 0x0000000719800000| Untracked |  0
| 121|0x0000000719a00000, 0x0000000719a00000, 0x0000000719c00000|  0%| F|  |TAMS 0x0000000719a00000| PB 0x0000000719a00000| Untracked |  0
| 122|0x0000000719c00000, 0x0000000719cf5c50, 0x0000000719e00000| 48%| E|  |TAMS 0x0000000719c00000| PB 0x0000000719c00000| Complete |  0
|1963|0x00000007ffe00000, 0x00000007fff1d248, 0x0000000800000000| 55%| O|  |TAMS 0x00000007ffe00000| PB 0x00000007ffe00000| Untracked |  0

Card table byte_map: [0x000001bdd0470000,0x000001bdd0c20000] _byte_map_base: 0x000001bdccc1c000

Marking Bits: (CMBitMap*) 0x000001bdb7f28860
 Bits: [0x000001bdd0c20000, 0x000001bdd4980000)

Polling page: 0x000001bdb5d00000

Metaspace:

Usage:
  Non-class:      8.84 MB used.
      Class:    916.99 KB used.
       Both:      9.73 MB used.

Virtual space:
  Non-class space:       64.00 MB reserved,       8.94 MB ( 14%) committed,  1 nodes.
      Class space:        1.00 GB reserved,       1.00 MB ( <1%) committed,  1 nodes.
             Both:        1.06 GB reserved,       9.94 MB ( <1%) committed. 

Chunk freelists:
   Non-Class:  5.67 MB
       Class:  15.02 MB
        Both:  20.69 MB

MaxMetaspaceSize: unlimited
CompressedClassSpaceSize: 1.00 GB
Initial GC threshold: 21.00 MB
Current GC threshold: 21.00 MB
CDS: on
 - commit_granule_bytes: 65536.
 - commit_granule_words: 8192.
 - virtual_space_node_default_size: 8388608.
 - enlarge_chunks_in_place: 1.
UseCompressedClassPointers 1, UseCompactObjectHeaders 0
Narrow klass pointer bits 32, Max shift 3
Narrow klass base: 0x000001bdd8000000, Narrow klass shift: 0
Encoding Range: [0x000001bdd8000000 - 0x000001bed8000000), (4294967296 bytes)
Klass Range:    [0x000001bdd8000000 - 0x000001be19000000), (1090519040 bytes)
Klass ID Range:  [8 - 1090519033) (1090519025)


Internal statistics:

num_allocs_failed_limit: 0.
num_arena_births: 72.
num_arena_deaths: 0.
num_vsnodes_births: 2.
num_vsnodes_deaths: 0.
num_space_committed: 159.
num_space_uncommitted: 0.
num_chunks_returned_to_freelist: 0.
num_chunks_taken_from_freelist: 390.
num_chunk_merges: 0.
num_chunk_splits: 269.
num_chunks_enlarged: 230.
num_inconsistent_stats: 0.

CodeHeap 'non-profiled nmethods': size=120064Kb used=669Kb max_used=669Kb free=119394Kb
 bounds [0x000001bdc8220000, 0x000001bdc8490000, 0x000001bdcf760000]
CodeHeap 'profiled nmethods': size=120000Kb used=3036Kb max_used=3036Kb free=116963Kb
 bounds [0x000001bdc0760000, 0x000001bdc0a60000, 0x000001bdc7c90000]
CodeHeap 'non-nmethods': size=5696Kb used=1314Kb max_used=1340Kb free=4381Kb
 bounds [0x000001bdc7c90000, 0x000001bdc7f00000, 0x000001bdc8220000]
CodeCache: size=245760Kb, used=5019Kb, max_used=5045Kb, free=240738Kb
 total_blobs=2426, nmethods=1947, adapters=383, full_count=0
Compilation: enabled, stopped_count=0, restarted_count=0

Compilation events (20 events):
Event: 9.214 Thread 0x000001bdd7617b20 nmethod 1846 0x000001bdc0a34908 code [0x000001bdc0a34a40, 0x000001bdc0a34cc8]
Event: 9.220 Thread 0x000001bdd7611830 1847       4       sun.reflect.generics.parser.SignatureParser::skipIdentifier (67 bytes)
Event: 9.224 Thread 0x000001bdd7617b20 1849       1       java.lang.reflect.Constructor::getSharedParameterTypes (5 bytes)
Event: 9.224 Thread 0x000001bdd7617b20 nmethod 1849 0x000001bdc82c0f08 code [0x000001bdc82c1000, 0x000001bdc82c10c8]
Event: 9.224 Thread 0x000001bdd7617b20 1850       1       com.google.inject.internal.ProviderInstanceBindingImpl::getUserSuppliedProvider (5 bytes)
Event: 9.224 Thread 0x000001bdd7617b20 nmethod 1850 0x000001bdc82c1208 code [0x000001bdc82c1300, 0x000001bdc82c13c8]
Event: 9.229 Thread 0x000001bdd7611830 nmethod 1847 0x000001bdc82c1508 code [0x000001bdc82c1660, 0x000001bdc82c1a08]
Event: 9.229 Thread 0x000001bdd7611830 1848       4       java.lang.String::decodeUTF8_UTF16 (624 bytes)
Event: 9.233 Thread 0x000001bdd7617b20 1851       1       java.lang.reflect.Constructor::getModifiers (5 bytes)
Event: 9.233 Thread 0x000001bdd7617b20 nmethod 1851 0x000001bdc82c1b08 code [0x000001bdc82c1c00, 0x000001bdc82c1cc8]
Event: 9.233 Thread 0x000001bdd7617b20 1852       3       com.google.inject.internal.Annotations::findBindingAnnotation (76 bytes)
Event: 9.234 Thread 0x000001bdd7617b20 nmethod 1852 0x000001bdc0a34d08 code [0x000001bdc0a34ee0, 0x000001bdc0a35ae8]
Event: 9.236 Thread 0x000001bdd7617b20 1853       3       jdk.internal.classfile.impl.DirectCodeBuilder::fieldAccess (14 bytes)
Event: 9.236 Thread 0x000001bdd7617b20 nmethod 1853 0x000001bdc0a35b88 code [0x000001bdc0a35cc0, 0x000001bdc0a360e0]
Event: 9.243 Thread 0x000001bdd7617b20 1854       3       java.lang.reflect.AccessibleObject::getAnnotations (5 bytes)
Event: 9.243 Thread 0x000001bdd7617b20 nmethod 1854 0x000001bdc0a36108 code [0x000001bdc0a36220, 0x000001bdc0a363e8]
Event: 9.243 Thread 0x000001bdd7617b20 1855       3       com.google.inject.internal.DeclaredMembers$$Lambda/0x000001bdd9082a60::apply (5 bytes)
Event: 9.243 Thread 0x000001bdd7617b20 nmethod 1855 0x000001bdc0a36408 code [0x000001bdc0a36520, 0x000001bdc0a36718]
Event: 9.243 Thread 0x000001bdd7617b20 1856       3       com.google.inject.internal.DeclaredMembers::lambda$getDeclaredMethods$2 (5 bytes)
Event: 9.244 Thread 0x000001bdd7617b20 nmethod 1856 0x000001bdc0a36788 code [0x000001bdc0a368a0, 0x000001bdc0a36a20]

GC Heap History (0 events):
No events

Dll operation events (8 events):
Event: 0.020 Loaded shared library C:\Program Files\Java\jdk-24\bin\java.dll
Event: 0.067 Loaded shared library C:\Program Files\Java\jdk-24\bin\jsvml.dll
Event: 0.094 Loaded shared library C:\Program Files\Java\jdk-24\bin\net.dll
Event: 0.099 Loaded shared library C:\Program Files\Java\jdk-24\bin\nio.dll
Event: 0.131 Loaded shared library C:\Program Files\Java\jdk-24\bin\zip.dll
Event: 6.564 Loaded shared library C:\Program Files\Java\jdk-24\bin\jimage.dll
Event: 6.575 Loaded shared library D:\apache-maven-3.9.12\lib\jansi-native\Windows\x86_64\jansi.dll
Event: 6.608 Loaded shared library C:\Program Files\Java\jdk-24\bin\verify.dll

Deoptimization events (20 events):
Event: 8.649 Thread 0x000001bdb59a7110 DEOPT PACKING pc=0x000001bdc0968340 sp=0x0000002d4d3fe5a0
Event: 8.649 Thread 0x000001bdb59a7110 DEOPT UNPACKING pc=0x000001bdc7ce5722 sp=0x0000002d4d3fda10 mode 0
Event: 8.656 Thread 0x000001bdb59a7110 DEOPT PACKING pc=0x000001bdc0968340 sp=0x0000002d4d3fe5a0
Event: 8.656 Thread 0x000001bdb59a7110 DEOPT UNPACKING pc=0x000001bdc7ce5722 sp=0x0000002d4d3fda10 mode 0
Event: 8.820 Thread 0x000001bdb59a7110 Uncommon trap: trap_request=0xffffffde fr.pc=0x000001bdc82635c4 relative=0x0000000000000284
Event: 8.820 Thread 0x000001bdb59a7110 Uncommon trap: reason=class_check action=maybe_recompile pc=0x000001bdc82635c4 method=java.util.HashMap.getNode(Ljava/lang/Object;)Ljava/util/HashMap$Node; @ 128 c2
Event: 8.820 Thread 0x000001bdb59a7110 DEOPT PACKING pc=0x000001bdc82635c4 sp=0x0000002d4d3fe280
Event: 8.820 Thread 0x000001bdb59a7110 DEOPT UNPACKING pc=0x000001bdc7da6382 sp=0x0000002d4d3fe1e8 mode 2
Event: 8.825 Thread 0x000001bdb59a7110 Uncommon trap: trap_request=0xffffffde fr.pc=0x000001bdc82635c4 relative=0x0000000000000284
Event: 8.825 Thread 0x000001bdb59a7110 Uncommon trap: reason=class_check action=maybe_recompile pc=0x000001bdc82635c4 method=java.util.HashMap.getNode(Ljava/lang/Object;)Ljava/util/HashMap$Node; @ 128 c2
Event: 8.825 Thread 0x000001bdb59a7110 DEOPT PACKING pc=0x000001bdc82635c4 sp=0x0000002d4d3fe280
Event: 8.825 Thread 0x000001bdb59a7110 DEOPT UNPACKING pc=0x000001bdc7da6382 sp=0x0000002d4d3fe1e8 mode 2
Event: 8.829 Thread 0x000001bdb59a7110 Uncommon trap: trap_request=0xffffffde fr.pc=0x000001bdc82635c4 relative=0x0000000000000284
Event: 8.829 Thread 0x000001bdb59a7110 Uncommon trap: reason=class_check action=maybe_recompile pc=0x000001bdc82635c4 method=java.util.HashMap.getNode(Ljava/lang/Object;)Ljava/util/HashMap$Node; @ 128 c2
Event: 8.829 Thread 0x000001bdb59a7110 DEOPT PACKING pc=0x000001bdc82635c4 sp=0x0000002d4d3fe280
Event: 8.829 Thread 0x000001bdb59a7110 DEOPT UNPACKING pc=0x000001bdc7da6382 sp=0x0000002d4d3fe1e8 mode 2
Event: 9.184 Thread 0x000001bdb59a7110 Uncommon trap: trap_request=0xffffff4d fr.pc=0x000001bdc8296bb0 relative=0x0000000000000d90
Event: 9.184 Thread 0x000001bdb59a7110 Uncommon trap: reason=unstable_if action=reinterpret pc=0x000001bdc8296bb0 method=java.util.concurrent.ConcurrentHashMap.transfer([Ljava/util/concurrent/ConcurrentHashMap$Node;[Ljava/util/concurrent/ConcurrentHashMap$Node;)V @ 26 c2
Event: 9.184 Thread 0x000001bdb59a7110 DEOPT PACKING pc=0x000001bdc8296bb0 sp=0x0000002d4d3fa240
Event: 9.184 Thread 0x000001bdb59a7110 DEOPT UNPACKING pc=0x000001bdc7da6382 sp=0x0000002d4d3fa1a0 mode 2

Classes loaded (20 events):
Event: 8.871 Loading class java/lang/reflect/AnnotatedParameterizedType done
Event: 8.871 Loading class sun/reflect/annotation/AnnotatedTypeFactory$AnnotatedParameterizedTypeImpl done
Event: 8.953 Loading class java/util/EventObject
Event: 8.954 Loading class java/util/EventObject done
Event: 8.981 Loading class java/security/NoSuchAlgorithmException
Event: 8.981 Loading class java/security/GeneralSecurityException
Event: 8.981 Loading class java/security/GeneralSecurityException done
Event: 8.981 Loading class java/security/NoSuchAlgorithmException done
Event: 9.010 Loading class java/lang/reflect/Executable$ParameterData
Event: 9.010 Loading class java/lang/reflect/Executable$ParameterData done
Event: 9.010 Loading class sun/reflect/generics/scope/ConstructorScope
Event: 9.010 Loading class sun/reflect/generics/scope/ConstructorScope done
Event: 9.010 Loading class sun/reflect/generics/repository/ConstructorRepository
Event: 9.010 Loading class sun/reflect/generics/repository/ConstructorRepository done
Event: 9.010 Loading class sun/reflect/generics/tree/VoidDescriptor
Event: 9.010 Loading class sun/reflect/generics/tree/VoidDescriptor done
Event: 9.011 Loading class sun/reflect/generics/tree/MethodTypeSignature
Event: 9.011 Loading class sun/reflect/generics/tree/MethodTypeSignature done
Event: 9.082 Loading class java/util/concurrent/CompletionService
Event: 9.082 Loading class java/util/concurrent/CompletionService done

Classes unloaded (0 events):
No events

Classes redefined (0 events):
No events

Internal exceptions (20 events):
Event: 6.588 Thread 0x000001bdb59a7110 Exception <a 'java/lang/NullPointerException'{0x00000007199d5f08}> (0x00000007199d5f08) 
thrown [s\open\src\hotspot\share\interpreter\linkResolver.cpp, line 1417]
Event: 6.588 Thread 0x000001bdb59a7110 Exception <a 'java/lang/NullPointerException'{0x00000007199d61e8}> (0x00000007199d61e8) 
thrown [s\open\src\hotspot\share\interpreter\linkResolver.cpp, line 1417]
Event: 6.588 Thread 0x000001bdb59a7110 Exception <a 'java/lang/NullPointerException'{0x00000007199d64c8}> (0x00000007199d64c8) 
thrown [s\open\src\hotspot\share\interpreter\linkResolver.cpp, line 1417]
Event: 6.590 Thread 0x000001bdb59a7110 Exception <a 'java/lang/NullPointerException'{0x00000007199dabb0}> (0x00000007199dabb0) 
thrown [s\open\src\hotspot\share\interpreter\linkResolver.cpp, line 1417]
Event: 6.595 Thread 0x000001bdb59a7110 Exception <a 'java/lang/NullPointerException'{0x00000007199ebd48}> (0x00000007199ebd48) 
thrown [s\open\src\hotspot\share\interpreter\linkResolver.cpp, line 1417]
Event: 6.595 Thread 0x000001bdb59a7110 Exception <a 'java/lang/NullPointerException'{0x00000007199ec028}> (0x00000007199ec028) 
thrown [s\open\src\hotspot\share\interpreter\linkResolver.cpp, line 1417]
Event: 6.595 Thread 0x000001bdb59a7110 Exception <a 'java/lang/NullPointerException'{0x00000007199ec308}> (0x00000007199ec308) 
thrown [s\open\src\hotspot\share\interpreter\linkResolver.cpp, line 1417]
Event: 6.595 Thread 0x000001bdb59a7110 Exception <a 'java/lang/NullPointerException'{0x00000007199ec5e8}> (0x00000007199ec5e8) 
thrown [s\open\src\hotspot\share\interpreter\linkResolver.cpp, line 1417]
Event: 6.624 Thread 0x000001bdb59a7110 Exception <a 'java/lang/NoSuchMethodError'{0x000000071974ac38}: 'void java.lang.invoke.DirectMethodHandle$Holder.invokeVirtual(java.lang.Object, java.lang.Object)'> (0x000000071974ac38) 
thrown [s\open\src\hotspot\share\interpreter\linkResolver.cpp, line 805]
Event: 6.630 Thread 0x000001bdb59a7110 Exception <a 'java/lang/NoSuchMethodError'{0x000000071976bdf0}: 'void java.lang.invoke.DirectMethodHandle$Holder.invokeStatic(java.lang.Object, java.lang.Object)'> (0x000000071976bdf0) 
thrown [s\open\src\hotspot\share\interpreter\linkResolver.cpp, line 805]
Event: 6.631 Thread 0x000001bdb59a7110 Exception <a 'java/lang/NoSuchMethodError'{0x0000000719773b60}: 'void java.lang.invoke.DirectMethodHandle$Holder.invokeStaticInit(java.lang.Object, java.lang.Object)'> (0x0000000719773b60) 
thrown [s\open\src\hotspot\share\interpreter\linkResolver.cpp, line 805]
Event: 6.654 Thread 0x000001bdb59a7110 Exception <a 'java/lang/NoSuchMethodError'{0x00000007197c2948}: 'void java.lang.invoke.DirectMethodHandle$Holder.invokeStatic(java.lang.Object, java.lang.Object, java.lang.Object)'> (0x00000007197c2948) 
thrown [s\open\src\hotspot\share\interpreter\linkResolver.cpp, line 805]
Event: 7.493 Thread 0x000001bdb59a7110 Exception <a 'java/lang/NoSuchMethodError'{0x0000000719556fd0}: 'java.lang.Object java.lang.invoke.DirectMethodHandle$Holder.invokeSpecialIFC(java.lang.Object, java.lang.Object, java.lang.Object, java.lang.Object)'> (0x0000000719556fd0) 
thrown [s\open\src\hotspot\share\interpreter\linkResolver.cpp, line 805]
Event: 7.842 Thread 0x000001bdb59a7110 Exception <a 'java/lang/NoSuchMethodError'{0x0000000718e22c00}: 'void java.lang.invoke.DirectMethodHandle$Holder.invokeSpecial(java.lang.Object, java.lang.Object, java.lang.Object)'> (0x0000000718e22c00) 
thrown [s\open\src\hotspot\share\interpreter\linkResolver.cpp, line 805]
Event: 7.920 Thread 0x000001bdb59a7110 Exception <a 'java/lang/NoSuchMethodError'{0x0000000718f37d28}: 'java.lang.Object java.lang.invoke.DirectMethodHandle$Holder.invokeInterface(java.lang.Object, java.lang.Object)'> (0x0000000718f37d28) 
thrown [s\open\src\hotspot\share\interpreter\linkResolver.cpp, line 805]
Event: 7.953 Thread 0x000001bdb59a7110 Exception <a 'java/lang/NoSuchMethodError'{0x0000000718fdf140}: 'int java.lang.invoke.DirectMethodHandle$Holder.invokeStatic(java.lang.Object, java.lang.Object, java.lang.Object, java.lang.Object)'> (0x0000000718fdf140) 
thrown [s\open\src\hotspot\share\interpreter\linkResolver.cpp, line 805]
Event: 7.965 Thread 0x000001bdb59a7110 Exception <a 'java/lang/NoSuchMethodError'{0x0000000718c0f5b0}: 'int java.lang.invoke.DirectMethodHandle$Holder.invokeSpecialIFC(java.lang.Object, java.lang.Object, java.lang.Object, java.lang.Object, java.lang.Object)'> (0x0000000718c0f5b0) 
thrown [s\open\src\hotspot\share\interpreter\linkResolver.cpp, line 805]
Event: 8.083 Thread 0x000001bdb59a7110 Exception <a 'java/lang/NoSuchMethodError'{0x0000000718dd2dd8}: 'java.lang.Object java.lang.invoke.DirectMethodHandle$Holder.newInvokeSpecial(java.lang.Object, java.lang.Object, java.lang.Object, java.lang.Object, java.lang.Object)'> (0x0000000718dd2dd8) 
thrown [s\open\src\hotspot\share\interpreter\linkResolver.cpp, line 805]
Event: 8.136 Thread 0x000001bdb59a7110 Exception <a 'java/lang/NoSuchMethodError'{0x0000000718ae9d50}: 'int java.lang.invoke.DirectMethodHandle$Holder.invokeStaticInit(java.lang.Object, java.lang.Object)'> (0x0000000718ae9d50) 
thrown [s\open\src\hotspot\share\interpreter\linkResolver.cpp, line 805]
Event: 8.148 Thread 0x000001bdb59a7110 Exception <a 'java/lang/NoClassDefFoundError'{0x0000000718b271a0}: javax/enterprise/inject/Typed> (0x0000000718b271a0) 
thrown [s\open\src\hotspot\share\classfile\systemDictionary.cpp, line 316]

VM Operations (10 events):
Event: 0.132 Executing VM operation: HandshakeAllThreads (Deoptimize)
Event: 0.133 Executing VM operation: HandshakeAllThreads (Deoptimize) done
Event: 6.550 Executing VM operation: HandshakeAllThreads (Deoptimize)
Event: 6.550 Executing VM operation: HandshakeAllThreads (Deoptimize) done
Event: 6.578 Executing VM operation: HandshakeAllThreads (Deoptimize)
Event: 6.578 Executing VM operation: HandshakeAllThreads (Deoptimize) done
Event: 9.058 Executing VM operation: HandshakeAllThreads (Deoptimize)
Event: 9.058 Executing VM operation: HandshakeAllThreads (Deoptimize) done
Event: 9.198 Executing VM operation: HandshakeAllThreads (Deoptimize)
Event: 9.199 Executing VM operation: HandshakeAllThreads (Deoptimize) done

Memory protections (0 events):
No events

Nmethod flushes (0 events):
No events

Events (19 events):
Event: 0.043 Thread 0x000001bdb59a7110 Thread added: 0x000001bdb59a7110
Event: 0.063 Thread 0x000001bdb59a7110 Thread added: 0x000001bdd75f9670
Event: 0.063 Thread 0x000001bdb59a7110 Thread added: 0x000001bdd75fbdc0
Event: 0.064 Thread 0x000001bdb59a7110 Thread added: 0x000001bdd75fe490
Event: 0.064 Thread 0x000001bdb59a7110 Thread added: 0x000001bdd75ff440
Event: 0.064 Thread 0x000001bdb59a7110 Thread added: 0x000001bdd7600ae0
Event: 0.064 Thread 0x000001bdb59a7110 Thread added: 0x000001bdd76051a0
Event: 0.064 Thread 0x000001bdb59a7110 Thread added: 0x000001bdd7611830
Event: 0.064 Thread 0x000001bdb59a7110 Thread added: 0x000001bdd7617b20
Event: 0.084 Thread 0x000001bdb59a7110 Thread added: 0x000001bdd773a010
Event: 0.088 Thread 0x000001bdb59a7110 Thread added: 0x000001bdd7746fb0
Event: 6.561 Thread 0x000001bdb59a7110 Thread added: 0x000001be1d060360
Event: 6.584 Thread 0x000001be1d060360 Thread exited: 0x000001be1d060360
Event: 7.613 Thread 0x000001bdd7611830 Thread added: 0x000001be1d6b22e0
Event: 8.123 Thread 0x000001be1d6b22e0 Thread exited: 0x000001be1d6b22e0
Event: 8.175 Thread 0x000001bdd7617b20 Thread added: 0x000001be1d7955c0
Event: 8.202 Thread 0x000001bdd7617b20 Thread added: 0x000001be1d7f8100
Event: 9.073 Thread 0x000001be1d7f8100 Thread exited: 0x000001be1d7f8100
Event: 9.161 Thread 0x000001be1d7955c0 Thread exited: 0x000001be1d7955c0


Dynamic libraries:
0x00007ff7e1ed0000 - 0x00007ff7e1ee0000 	C:\Program Files\Java\jdk-24\bin\java.exe
0x00007ffe79f20000 - 0x00007ffe7a186000 	C:\WINDOWS\SYSTEM32\ntdll.dll
0x00007ffe77d10000 - 0x00007ffe77dd9000 	C:\WINDOWS\System32\KERNEL32.DLL
0x00007ffe77140000 - 0x00007ffe77540000 	C:\WINDOWS\System32\KERNELBASE.dll
0x00007ffe77840000 - 0x00007ffe7798c000 	C:\WINDOWS\System32\ucrtbase.dll
0x00007ffe62800000 - 0x00007ffe62816000 	C:\Program Files\Java\jdk-24\bin\jli.dll
0x00007ffe627e0000 - 0x00007ffe627fb000 	C:\Program Files\Java\jdk-24\bin\VCRUNTIME140.dll
0x00007ffe785b0000 - 0x00007ffe78777000 	C:\WINDOWS\System32\USER32.dll
0x00007ffe5d910000 - 0x00007ffe5dba2000 	C:\WINDOWS\WinSxS\amd64_microsoft.windows.common-controls_6595b64144ccf1df_6.0.26100.8737_none_3e092eaee333b772\COMCTL32.dll
0x00007ffe77550000 - 0x00007ffe77577000 	C:\WINDOWS\System32\win32u.dll
0x00007ffe78780000 - 0x00007ffe78829000 	C:\WINDOWS\System32\msvcrt.dll
0x00007ffe77c60000 - 0x00007ffe77c8b000 	C:\WINDOWS\System32\GDI32.dll
0x00007ffe77b20000 - 0x00007ffe77c49000 	C:\WINDOWS\System32\gdi32full.dll
0x00007ffe77610000 - 0x00007ffe776b3000 	C:\WINDOWS\System32\msvcp_win.dll
0x00007ffe784b0000 - 0x00007ffe784e2000 	C:\WINDOWS\System32\IMM32.DLL
0x00007ffe73f90000 - 0x00007ffe73f9c000 	C:\Program Files\Java\jdk-24\bin\vcruntime140_1.dll
0x00007ffdfe0f0000 - 0x00007ffdfe17e000 	C:\Program Files\Java\jdk-24\bin\msvcp140.dll
0x00007ffdc7450000 - 0x00007ffdc81f1000 	C:\Program Files\Java\jdk-24\bin\server\jvm.dll
0x00007ffe77de0000 - 0x00007ffe77e97000 	C:\WINDOWS\System32\ADVAPI32.dll
0x00007ffe79a30000 - 0x00007ffe79ada000 	C:\WINDOWS\System32\sechost.dll
0x00007ffe79cf0000 - 0x00007ffe79e08000 	C:\WINDOWS\System32\RPCRT4.dll
0x00007ffe783d0000 - 0x00007ffe78450000 	C:\WINDOWS\System32\WS2_32.dll
0x00007ffe76fc0000 - 0x00007ffe7701e000 	C:\WINDOWS\SYSTEM32\POWRPROF.dll
0x00007ffe702a0000 - 0x00007ffe702ab000 	C:\WINDOWS\SYSTEM32\VERSION.dll
0x00007ffe6f770000 - 0x00007ffe6f7a6000 	C:\WINDOWS\SYSTEM32\WINMM.dll
0x00007ffe76fa0000 - 0x00007ffe76fb4000 	C:\WINDOWS\SYSTEM32\UMPDC.dll
0x00007ffe75e00000 - 0x00007ffe75e1b000 	C:\WINDOWS\SYSTEM32\kernel.appcore.dll
0x00007ffe63d00000 - 0x00007ffe63d0a000 	C:\Program Files\Java\jdk-24\bin\jimage.dll
0x00007ffe6b730000 - 0x00007ffe6b972000 	C:\WINDOWS\SYSTEM32\DBGHELP.DLL
0x00007ffe78040000 - 0x00007ffe783c3000 	C:\WINDOWS\System32\combase.dll
0x00007ffe78cc0000 - 0x00007ffe78d99000 	C:\WINDOWS\System32\OLEAUT32.dll
0x00007ffe5bd60000 - 0x00007ffe5bd9b000 	C:\WINDOWS\SYSTEM32\dbgcore.DLL
0x00007ffe77780000 - 0x00007ffe7782c000 	C:\WINDOWS\System32\bcryptPrimitives.dll
0x00007ffe574e0000 - 0x00007ffe574fe000 	C:\Program Files\Java\jdk-24\bin\java.dll
0x00007ffe77ea0000 - 0x00007ffe78039000 	C:\WINDOWS\System32\ole32.dll
0x00007ffe78dd0000 - 0x00007ffe79562000 	C:\WINDOWS\System32\SHELL32.dll
0x00007ffe74ba0000 - 0x00007ffe75432000 	C:\WINDOWS\SYSTEM32\windows.storage.dll
0x00007ffe79ae0000 - 0x00007ffe79bd7000 	C:\WINDOWS\System32\SHCORE.dll
0x00007ffe79bf0000 - 0x00007ffe79c57000 	C:\WINDOWS\System32\shlwapi.dll
0x00007ffe77060000 - 0x00007ffe77089000 	C:\WINDOWS\SYSTEM32\profapi.dll
0x00007ffde5100000 - 0x00007ffde51d7000 	C:\Program Files\Java\jdk-24\bin\jsvml.dll
0x00007ffe5bbf0000 - 0x00007ffe5bc00000 	C:\Program Files\Java\jdk-24\bin\net.dll
0x00007ffe763d0000 - 0x00007ffe7643c000 	C:\WINDOWS\system32\mswsock.dll
0x00007ffe574c0000 - 0x00007ffe574d6000 	C:\Program Files\Java\jdk-24\bin\nio.dll
0x00007ffe54960000 - 0x00007ffe54977000 	C:\Program Files\Java\jdk-24\bin\zip.dll
0x00007ffe54900000 - 0x00007ffe54924000 	D:\apache-maven-3.9.12\lib\jansi-native\Windows\x86_64\jansi.dll
0x00007ffe5bb90000 - 0x00007ffe5bba0000 	C:\Program Files\Java\jdk-24\bin\verify.dll

JVMTI agents: none

dbghelp: loaded successfully - version: 4.0.5 - missing functions: none
symbol engine: initialized successfully - sym options: 0x614 - pdb path: .;C:\Program Files\Java\jdk-24\bin;C:\WINDOWS\SYSTEM32;C:\WINDOWS\WinSxS\amd64_microsoft.windows.common-controls_6595b64144ccf1df_6.0.26100.8737_none_3e092eaee333b772;C:\Program Files\Java\jdk-24\bin\server;D:\apache-maven-3.9.12\lib\jansi-native\Windows\x86_64

VM Arguments:
jvm_args: --enable-native-access=ALL-UNNAMED -Dclassworlds.conf=D:\apache-maven-3.9.12\bin\m2.conf -Dmaven.home=D:\apache-maven-3.9.12 -Dlibrary.jansi.path=D:\apache-maven-3.9.12\lib\jansi-native -Dmaven.multiModuleProjectDirectory=E:\LMS-main\LibraryManagement 
java_command: org.codehaus.plexus.classworlds.launcher.Launcher spring-boot:run
java_class_path (initial): D:\apache-maven-3.9.12\boot\plexus-classworlds-2.9.0.jar
Launcher Type: SUN_STANDARD

[Global flags]
     intx CICompilerCount                          = 4                                         {product} {ergonomic}
     uint ConcGCThreads                            = 3                                         {product} {ergonomic}
     uint G1ConcRefinementThreads                  = 10                                        {product} {ergonomic}
   size_t G1HeapRegionSize                         = 2097152                                   {product} {ergonomic}
   size_t InitialHeapSize                          = 257949696                                 {product} {ergonomic}
   size_t MarkStackSize                            = 4194304                                   {product} {ergonomic}
   size_t MarkStackSizeMax                         = 536870912                                 {product} {ergonomic}
   size_t MaxHeapSize                              = 4118806528                                {product} {ergonomic}
   size_t MaxNewSize                               = 2470445056                                {product} {ergonomic}
   size_t MinHeapDeltaBytes                        = 2097152                                   {product} {ergonomic}
   size_t MinHeapSize                              = 8388608                                   {product} {ergonomic}
    uintx NonNMethodCodeHeapSize                   = 5832704                                {pd product} {ergonomic}
    uintx NonProfiledCodeHeapSize                  = 122945536                              {pd product} {ergonomic}
    uintx ProfiledCodeHeapSize                     = 122880000                              {pd product} {ergonomic}
    uintx ReservedCodeCacheSize                    = 251658240                              {pd product} {ergonomic}
     bool SegmentedCodeCache                       = true                                      {product} {ergonomic}
   size_t SoftMaxHeapSize                          = 4118806528                             {manageable} {ergonomic}
     bool UseCompressedOops                        = true                           {product lp64_product} {ergonomic}
     bool UseG1GC                                  = true                                      {product} {ergonomic}
     bool UseLargePagesIndividualAllocation        = false                                  {pd product} {ergonomic}

Logging:
Log output configuration:
 #0: stdout all=warning uptime,level,tags foldmultilines=false
 #1: stderr all=off uptime,level,tags foldmultilines=false

Environment Variables:
PATH=C:\Program Files\Common Files\Oracle\Java\javapath;C:\Program Files (x86)\Common Files\Oracle\Java\java8path;C:\Program Files (x86)\Common Files\Oracle\Java\javapath;C:\windows\system32;C:\windows;C:\windows\System32\Wbem;C:\windows\System32\WindowsPowerShell\v1.0\;C:\windows\System32\OpenSSH\;C:\MinGW\bin;C:\WINDOWS\system32;C:\WINDOWS;C:\WINDOWS\System32\Wbem;C:\WINDOWS\System32\WindowsPowerShell\v1.0\;C:\WINDOWS\System32\OpenSSH\;C:\ProgramData\chocolatey\bin;C:\Program Files\Git\cmd;C:\Program Files\Git\mingw64\bin;C:\Program Files\Git\usr\bin;C:\Program Files\nodejs\;C:\Program Files\Java\jdk-23\bin;C:\Program Files\NetBeans-25;C:\Program Files\apache-maven-3.9.11-bin.zip\apache-maven-3.9.11;C:\Program Files\Java;C:\Program Files\Java\jdk-17;E:\apache-maven-3.9.11-bin\apache-maven-3.9.11\bin;C:\Program Files\Java\jdk-23\bin;D:\apache-maven-3.9.12\bin;D:\hk249\hk249\OneDrive\Desktop\Code.exe;C:\Program Files\MongoDB\Server\8.0\bin;C:\Users\hk249\OneDrive\Desktop\MongoDBCompass.lnk;C:\Program Files\MongoDB\Server\8.2\bin;D:\flutter\flutter\bin;C:\Users\hk249\AppData\Roaming\Python\Python313\Scripts;C:\Program Files\Java\jdk-21\bin;D:\Program Files\mysql-connector-java-8.0.24.jar;C:\Program Files\MySQL\MySQL Server 8.0\bin;d:\cursor\resources\app\codeBin;C:\Users\hk249\.cargo\bin;C:\Users\hk249\AppData\Local\Programs\Python\Python313\Scripts\;C:\Users\hk249\AppData\Local\Programs\Python\Python313\;C:\Program Files\Java\jdk-23\bin;C:\Program Files\nodejs;C:\Users\hk249\AppData\Local\Programs\Microsoft VS Code\bin;C:\Users\hk249\AppData\Roaming\npm;C:\Users\hk249\AppData\Local\GitHubDesktop\bin;C:\Users\hk249\AppData\Local\Programs\mongosh\;C:\Users\hk249\AppData\Local\Programs\Microsoft VS Code Insiders\bin;C:\Users\hk249\AppData\Local\Programs\Antigravity\bin
USERNAME=hk249
LANG=en_US.UTF-8
OS=Windows_NT
PROCESSOR_IDENTIFIER=AMD64 Family 25 Model 80 Stepping 0, AuthenticAMD
TMP=C:\Users\hk249\AppData\Local\Temp
TEMP=C:\Users\hk249\AppData\Local\Temp




Periodic native trim disabled

---------------  S Y S T E M  ---------------

OS:
 Windows 11 , 64 bit Build 26100 (10.0.26100.8737)
OS uptime: 1 days 21:51 hours
Hyper-V role detected

CPU: total 12 (initial active 12) (12 cores per cpu, 2 threads per core) family 25 model 80 stepping 0 microcode 0xa50000f, cx8, cmov, fxsr, ht, mmx, 3dnowpref, sse, sse2, sse3, ssse3, sse4a, sse4.1, sse4.2, popcnt, lzcnt, tsc, tscinvbit, avx, avx2, aes, erms, clmul, bmi1, bmi2, adx, sha, fma, vzeroupper, clflush, clflushopt, hv, rdtscp, rdpid, fsrm, f16c, cet_ss
Processor Information for processor 0
  Max Mhz: 3301, Current Mhz: 1805, Mhz Limit: 3301
Processor Information for processor 1
  Max Mhz: 3301, Current Mhz: 1805, Mhz Limit: 3301
Processor Information for processor 2
  Max Mhz: 3301, Current Mhz: 1908, Mhz Limit: 3301
Processor Information for processor 3
  Max Mhz: 3301, Current Mhz: 1908, Mhz Limit: 3301
Processor Information for processor 4
  Max Mhz: 3301, Current Mhz: 1805, Mhz Limit: 3301
Processor Information for processor 5
  Max Mhz: 3301, Current Mhz: 1805, Mhz Limit: 3301
Processor Information for processor 6
  Max Mhz: 3301, Current Mhz: 1908, Mhz Limit: 3301
Processor Information for processor 7
  Max Mhz: 3301, Current Mhz: 1908, Mhz Limit: 3301
Processor Information for processor 8
  Max Mhz: 3301, Current Mhz: 1908, Mhz Limit: 3301
Processor Information for processor 9
  Max Mhz: 3301, Current Mhz: 1908, Mhz Limit: 3301
Processor Information for processor 10
  Max Mhz: 3301, Current Mhz: 1805, Mhz Limit: 3301
Processor Information for processor 11
  Max Mhz: 3301, Current Mhz: 1908, Mhz Limit: 3301

Memory: 4k page, system-wide physical 15710M (1725M free)
TotalPageFile size 23224M (AvailPageFile size 15M)
current process WorkingSet (physical memory assigned to process): 122M, peak: 122M
current process commit charge ("private bytes"): 365M, peak: 366M

vm_info: Java HotSpot(TM) 64-Bit Server VM (24.0.2+12-54) for windows-amd64 JRE (24.0.2+12-54), built on 2025-07-08T12:10:27Z with MS VC++ 17.6 (VS2022)

END.
